2026-03-05 14:38:53 | INFO | 🚀 开始数据采集任务
2026-03-05 14:38:53 | INFO | 采集类型: all
2026-03-05 14:38:53 | INFO | 时间范围: 最近 30 天
2026-03-05 14:38:53 | INFO | ============================================================
2026-03-05 14:38:53 | INFO | 📰 开始采集新闻数据
2026-03-05 14:38:53 | INFO | ============================================================
2026-03-05 14:38:53 | INFO | 🚀 开始执行 NewsCrawler
2026-03-05 14:38:53 | INFO | 📥 正在获取数据...
2026-03-05 14:38:53 | INFO | 📰 正在获取东方财富新闻...
2026-03-05 14:38:53 | INFO | ✅ 获取到 10 条东方财富新闻
2026-03-05 14:38:53 | INFO | 📰 正在获取金十数据快讯...
2026-03-05 14:38:53 | WARNING | ⚠️ 获取金十数据失败: module 'akshare' has no attribute 'news_jinshi'
2026-03-05 14:38:53 | INFO | ✅ 筛选后剩余 8 条新闻
2026-03-05 14:38:53 | INFO | ✅ 获取到 8 条原始数据
2026-03-05 14:38:53 | INFO | 🔄 正在解析数据...
2026-03-05 14:38:53 | WARNING | ⚠️ 解析新闻失败: No module named 'jieba'
2026-03-05 14:38:53 | WARNING | ⚠️ 解析新闻失败: No module named 'jieba'
2026-03-05 14:38:53 | WARNING | ⚠️ 解析新闻失败: No module named 'jieba'
2026-03-05 14:38:53 | WARNING | ⚠️ 解析新闻失败: No module named 'jieba'
2026-03-05 14:38:53 | WARNING | ⚠️ 解析新闻失败: No module named 'jieba'
2026-03-05 14:38:53 | WARNING | ⚠️ 解析新闻失败: No module named 'jieba'
2026-03-05 14:38:53 | WARNING | ⚠️ 解析新闻失败: No module named 'jieba'
2026-03-05 14:38:53 | WARNING | ⚠️ 解析新闻失败: No module named 'jieba'
2026-03-05 14:38:53 | INFO | ✅ 解析完成 0 条数据
2026-03-05 14:38:53 | INFO | ✅ 保存 0/0 条数据到 data\raw\news\newscrawler_20260305_143853.jsonl
2026-03-05 14:38:53 | INFO | ✅ 执行完成,耗时 0.21秒
2026-03-05 14:38:54 | INFO | ✅ 新闻采集完成: 0 条
2026-03-05 14:38:54 | INFO | ============================================================
2026-03-05 14:38:54 | INFO | 📄 开始采集公告数据
2026-03-05 14:38:54 | INFO | ============================================================
2026-03-05 14:38:54 | INFO | 🚀 开始执行 AnnouncementCrawler
2026-03-05 14:38:54 | INFO | 📥 正在获取数据...
2026-03-05 14:38:54 | INFO | 📄 获取公告: 2026-02-03 至 2026-03-05
2026-03-05 14:38:54 | INFO | 📥 正在获取沪深市场公告...
2026-03-05 14:38:59 | INFO | ✅ 获取到 0 条公告
2026-03-05 14:38:59 | INFO | ✅ 共获取 0 条公告
2026-03-05 14:38:59 | INFO | ✅ 获取到 0 条原始数据
2026-03-05 14:38:59 | INFO | 🔄 正在解析数据...
2026-03-05 14:38:59 | INFO | ✅ 解析完成 0 条数据
2026-03-05 14:38:59 | INFO | ✅ 保存 0/0 条数据到 data\raw\announcements\announcementcrawler_20260305_143859.jsonl
2026-03-05 14:38:59 | INFO | ✅ 执行完成,耗时 5.75秒
2026-03-05 14:38:59 | INFO | ✅ 公告采集完成: 0 条
2026-03-05 14:38:59 | INFO | ============================================================
2026-03-05 14:38:59 | INFO | 📊 数据统计
2026-03-05 14:38:59 | INFO | ============================================================
2026-03-05 14:38:59 | INFO | 新闻总数: 0
2026-03-05 14:38:59 | INFO | 
公告总数: 0
2026-03-05 14:38:59 | INFO | ============================================================
2026-03-05 14:38:59 | INFO | ✅ 所有采集任务完成!
2026-03-05 14:38:59 | INFO | 
📁 数据文件位置:
2026-03-05 14:38:59 | INFO |   新闻: data\raw\news\*.jsonl
2026-03-05 14:38:59 | INFO |   公告: data\raw\announcements\*.jsonl
2026-03-05 14:44:35 | INFO | 🚀 开始数据采集任务
2026-03-05 14:44:35 | INFO | 采集类型: all
2026-03-05 14:44:35 | INFO | 时间范围: 最近 30 天
2026-03-05 14:44:35 | INFO | ============================================================
2026-03-05 14:44:35 | INFO | 📰 开始采集新闻数据
2026-03-05 14:44:35 | INFO | ============================================================
2026-03-05 14:44:35 | INFO | 🚀 开始执行 NewsCrawler
2026-03-05 14:44:35 | INFO | 📥 正在获取数据...
2026-03-05 14:44:35 | INFO | 📰 正在获取东方财富新闻...
2026-03-05 14:44:35 | INFO | ✅ 获取到 10 条东方财富新闻
2026-03-05 14:44:35 | INFO | 📰 正在获取金十数据快讯...
2026-03-05 14:44:35 | WARNING | ⚠️ 获取金十数据失败: module 'akshare' has no attribute 'news_jinshi'
2026-03-05 14:44:35 | INFO | ✅ 筛选后剩余 8 条新闻
2026-03-05 14:44:35 | INFO | ✅ 获取到 8 条原始数据
2026-03-05 14:44:35 | INFO | 🔄 正在解析数据...
2026-03-05 14:44:36 | INFO | ✅ 解析完成 8 条数据
2026-03-05 14:44:36 | INFO | ✅ 保存 8/8 条数据到 data\raw\news\newscrawler_20260305_144436.jsonl
2026-03-05 14:44:36 | INFO | ✅ 执行完成,耗时 1.32秒
2026-03-05 14:44:36 | INFO | ✅ 新闻采集完成: 8 条
2026-03-05 14:44:36 | INFO | ============================================================
2026-03-05 14:44:36 | INFO | 📄 开始采集公告数据
2026-03-05 14:44:36 | INFO | ============================================================
2026-03-05 14:44:36 | INFO | 🚀 开始执行 AnnouncementCrawler
2026-03-05 14:44:36 | INFO | 📥 正在获取数据...
2026-03-05 14:44:36 | INFO | 📄 获取公告: 2026-02-03 至 2026-03-05
2026-03-05 14:44:36 | INFO | 📥 正在获取沪深市场公告...
2026-03-05 14:44:42 | INFO | ✅ 获取到 0 条公告
2026-03-05 14:44:42 | INFO | ✅ 共获取 0 条公告
2026-03-05 14:44:42 | INFO | ✅ 获取到 0 条原始数据
2026-03-05 14:44:42 | INFO | 🔄 正在解析数据...
2026-03-05 14:44:42 | INFO | ✅ 解析完成 0 条数据
2026-03-05 14:44:42 | INFO | ✅ 保存 0/0 条数据到 data\raw\announcements\announcementcrawler_20260305_144442.jsonl
2026-03-05 14:44:42 | INFO | ✅ 执行完成,耗时 5.98秒
2026-03-05 14:44:42 | INFO | ✅ 公告采集完成: 0 条
2026-03-05 14:44:42 | INFO | ============================================================
2026-03-05 14:44:42 | INFO | 📊 数据统计
2026-03-05 14:44:42 | INFO | ============================================================
2026-03-05 14:44:42 | INFO | 新闻总数: 8
2026-03-05 14:44:42 | INFO | 新闻分类分布:
2026-03-05 14:44:42 | INFO |   - 综合: 6
2026-03-05 14:44:42 | INFO |   - 股市: 1
2026-03-05 14:44:42 | INFO |   - 公司: 1
2026-03-05 14:44:42 | INFO | 
公告总数: 0
2026-03-05 14:44:42 | INFO | ============================================================
2026-03-05 14:44:42 | INFO | ✅ 所有采集任务完成!
2026-03-05 14:44:42 | INFO | 
📁 数据文件位置:
2026-03-05 14:44:42 | INFO |   新闻: data\raw\news\*.jsonl
2026-03-05 14:44:42 | INFO |   公告: data\raw\announcements\*.jsonl
2026-03-05 14:53:18 | INFO | 🚀 开始数据采集任务
2026-03-05 14:53:18 | INFO | 采集类型: announcement
2026-03-05 14:53:18 | INFO | 时间范围: 最近 7 天
2026-03-05 14:53:18 | INFO | ============================================================
2026-03-05 14:53:18 | INFO | 📄 开始采集公告数据
2026-03-05 14:53:18 | INFO | ============================================================
2026-03-05 14:53:18 | INFO | 🚀 开始执行 AnnouncementCrawler
2026-03-05 14:53:18 | INFO | 📥 正在获取数据...
2026-03-05 14:53:18 | INFO | 📄 获取公告: 2026-02-26 至 2026-03-05
2026-03-05 14:53:18 | INFO | 📥 正在获取沪深市场公告... 日期范围：2026-02-26 至 2026-03-05
2026-03-05 14:53:18 | ERROR | ❌ 获取所有公告失败: stock_notice_report() got an unexpected keyword argument 'start_date'
2026-03-05 14:53:18 | INFO | ✅ 共获取 0 条公告
2026-03-05 14:53:18 | INFO | ✅ 获取到 0 条原始数据
2026-03-05 14:53:18 | INFO | 🔄 正在解析数据...
2026-03-05 14:53:18 | INFO | ✅ 解析完成 0 条数据
2026-03-05 14:53:18 | INFO | ✅ 保存 0/0 条数据到 data\raw\announcements\announcementcrawler_20260305_145318.jsonl
2026-03-05 14:53:18 | INFO | ✅ 执行完成,耗时 0.00秒
2026-03-05 14:53:18 | INFO | ✅ 公告采集完成: 0 条
2026-03-05 14:53:18 | INFO | ============================================================
2026-03-05 14:53:18 | INFO | 📊 数据统计
2026-03-05 14:53:18 | INFO | ============================================================
2026-03-05 14:53:18 | INFO | 新闻总数: 0
2026-03-05 14:53:18 | INFO | 
公告总数: 0
2026-03-05 14:53:18 | INFO | ============================================================
2026-03-05 14:53:18 | INFO | ✅ 所有采集任务完成!
2026-03-05 14:53:18 | INFO | 
📁 数据文件位置:
2026-03-05 14:53:18 | INFO |   新闻: data\raw\news\*.jsonl
2026-03-05 14:53:18 | INFO |   公告: data\raw\announcements\*.jsonl
2026-03-05 14:55:12 | INFO | 🚀 开始数据采集任务
2026-03-05 14:55:12 | INFO | 采集类型: announcement
2026-03-05 14:55:12 | INFO | 时间范围: 最近 7 天
2026-03-05 14:55:12 | INFO | ============================================================
2026-03-05 14:55:12 | INFO | 📄 开始采集公告数据
2026-03-05 14:55:12 | INFO | ============================================================
2026-03-05 14:55:12 | INFO | 🚀 开始执行 AnnouncementCrawler
2026-03-05 14:55:12 | INFO | 📥 正在获取数据...
2026-03-05 14:55:12 | INFO | 📄 获取公告: 2026-02-26 至 2026-03-05
2026-03-05 14:55:12 | INFO | 📥 正在获取沪深市场公告... 日期范围：2026-02-26 至 2026-03-05
2026-03-05 14:55:12 | DEBUG | 正在获取 20260226 的公告数据...
2026-03-05 14:55:15 | DEBUG |   获取到 935 条
2026-03-05 14:55:15 | DEBUG | 正在获取 20260227 的公告数据...
2026-03-05 14:55:18 | DEBUG |   获取到 1317 条
2026-03-05 14:55:18 | DEBUG | 正在获取 20260228 的公告数据...
2026-03-05 14:55:23 | DEBUG |   获取到 1828 条
2026-03-05 14:55:23 | DEBUG | 正在获取 20260301 的公告数据...
2026-03-05 14:55:23 | DEBUG |   获取到 8 条
2026-03-05 14:55:23 | DEBUG | 正在获取 20260302 的公告数据...
2026-03-05 14:55:24 | DEBUG |   获取到 545 条
2026-03-05 14:55:24 | DEBUG | 正在获取 20260303 的公告数据...
2026-03-05 14:55:28 | DEBUG |   获取到 1576 条
2026-03-05 14:55:28 | DEBUG | 正在获取 20260304 的公告数据...
2026-03-05 14:55:31 | DEBUG |   获取到 981 条
2026-03-05 14:55:31 | DEBUG | 正在获取 20260305 的公告数据...
2026-03-05 14:55:33 | DEBUG |   获取到 683 条
2026-03-05 14:55:33 | INFO | ✅ 共获取到 7873 条公告
2026-03-05 14:55:33 | INFO | ⚠️ 公告数量超过限制,截断至 5000
2026-03-05 14:55:33 | INFO | ✅ 共获取 5000 条公告
2026-03-05 14:55:33 | INFO | ✅ 获取到 5000 条原始数据
2026-03-05 14:55:33 | INFO | 🔄 正在解析数据...
2026-03-05 14:55:33 | INFO | ✅ 解析完成 5000 条数据
2026-03-05 14:55:33 | INFO | ✅ 保存 5000/5000 条数据到 data\raw\announcements\announcementcrawler_20260305_145533.jsonl
2026-03-05 14:55:33 | INFO | ✅ 执行完成,耗时 20.60秒
2026-03-05 14:55:33 | INFO | ✅ 公告采集完成: 5000 条
2026-03-05 14:55:33 | INFO | ============================================================
2026-03-05 14:55:33 | INFO | 📊 数据统计
2026-03-05 14:55:33 | INFO | ============================================================
2026-03-05 14:55:33 | INFO | 新闻总数: 0
2026-03-05 14:55:33 | INFO | 
公告总数: 5000
2026-03-05 14:55:33 | INFO | 公告类型分布:
2026-03-05 14:55:33 | INFO |   - 业绩快报: 817
2026-03-05 14:55:33 | INFO |   - 其他: 545
2026-03-05 14:55:33 | INFO |   - 法律意见书: 332
2026-03-05 14:55:33 | INFO |   - 股东大会决议公告: 258
2026-03-05 14:55:33 | INFO |   - 高管人员任职变动: 257
2026-03-05 14:55:33 | INFO |   - 董事会决议公告: 168
2026-03-05 14:55:33 | INFO |   - 保荐/核查意见: 167
2026-03-05 14:55:33 | INFO |   - 调研活动: 133
2026-03-05 14:55:33 | INFO |   - 股东/实际控制人股份减持: 130
2026-03-05 14:55:33 | INFO |   - 召开股东大会通知: 103
2026-03-05 14:55:33 | INFO |   - 提供/对外担保公告: 101
2026-03-05 14:55:33 | INFO |   - 股票交易异常波动: 95
2026-03-05 14:55:33 | INFO |   - 投资理财: 94
2026-03-05 14:55:33 | INFO |   - 管理办法/制度: 87
2026-03-05 14:55:33 | INFO |   - 权益变动报告书: 80
2026-03-05 14:55:33 | INFO |   - 专项说明/独立意见: 73
2026-03-05 14:55:33 | INFO |   - 股份质押、冻结: 61
2026-03-05 14:55:33 | INFO |   - 回购进展情况: 61
2026-03-05 14:55:33 | INFO |   - 关联交易: 57
2026-03-05 14:55:33 | INFO |   - 公司关联方基本资料变更: 49
2026-03-05 14:55:33 | INFO |   - 独立董事述职报告: 47
2026-03-05 14:55:33 | INFO |   - 其他增发事项公告: 40
2026-03-05 14:55:33 | INFO |   - 募集资金使用进展情况: 36
2026-03-05 14:55:33 | INFO |   - 获得认证: 35
2026-03-05 14:55:33 | INFO |   - 诉讼仲裁: 35
2026-03-05 14:55:33 | INFO |   - 股东大会资料: 32
2026-03-05 14:55:33 | INFO |   - 员工持股计划: 29
2026-03-05 14:55:33 | INFO |   - 签订协议: 28
2026-03-05 14:55:33 | INFO |   - 独立董事候选人声明: 28
2026-03-05 14:55:33 | INFO |   - 其它风险提示公告: 28
2026-03-05 14:55:33 | INFO |   - 公司章程: 27
2026-03-05 14:55:33 | INFO |   - 审计报告: 27
2026-03-05 14:55:33 | INFO |   - 限售股份上市流通: 27
2026-03-05 14:55:33 | INFO |   - 议事规则/实施细则: 27
2026-03-05 14:55:33 | INFO |   - 独立董事提名人声明: 26
2026-03-05 14:55:33 | INFO |   - 保荐代表人（机构）变更: 25
2026-03-05 14:55:33 | INFO |   - 分配预案: 25
2026-03-05 14:55:33 | INFO |   - 风险提示性公告: 23
2026-03-05 14:55:33 | INFO |   - 增发预案: 22
2026-03-05 14:55:33 | INFO |   - 公司注册资本变更: 22
2026-03-05 14:55:33 | INFO |   - 审计机构变更: 22
2026-03-05 14:55:33 | INFO |   - 重大合同: 20
2026-03-05 14:55:33 | INFO |   - 回复问询函公告: 19
2026-03-05 14:55:33 | INFO |   - 自查报告: 19
2026-03-05 14:55:33 | INFO |   - 募集资金使用情况报告: 18
2026-03-05 14:55:33 | INFO |   - 收购出售资产/股权: 18
2026-03-05 14:55:33 | INFO |   - 公司章程修订: 17
2026-03-05 14:55:33 | INFO |   - 股本变动: 16
2026-03-05 14:55:33 | INFO |   - 股权激励进展公告: 15
2026-03-05 14:55:33 | INFO |   - 其他担保公告: 15
2026-03-05 14:55:33 | INFO |   - 年度报告摘要: 15
2026-03-05 14:55:33 | INFO |   - 委托（受托）事项: 15
2026-03-05 14:55:33 | INFO |   - 年度报告全文: 14
2026-03-05 14:55:33 | INFO |   - 获得补贴（资助）: 13
2026-03-05 14:55:33 | INFO |   - 借贷: 13
2026-03-05 14:55:33 | INFO |   - 股东/实际控制人股份增持: 13
2026-03-05 14:55:33 | INFO |   - 召开股东大会提示性公告: 12
2026-03-05 14:55:33 | INFO |   - 股权转让: 12
2026-03-05 14:55:33 | INFO |   - 股权激励计划: 12
2026-03-05 14:55:33 | INFO |   - 终止上市风险提示: 12
2026-03-05 14:55:33 | INFO |   - 内部控制报告: 12
2026-03-05 14:55:33 | INFO |   - 上市保荐书: 11
2026-03-05 14:55:33 | INFO |   - 重组进展公告: 11
2026-03-05 14:55:33 | INFO |   - 对外项目投资: 11
2026-03-05 14:55:33 | INFO |   - 停牌公告: 11
2026-03-05 14:55:33 | INFO |   - 变更募集资金投资项目: 11
2026-03-05 14:55:33 | INFO |   - 投资设立公司: 11
2026-03-05 14:55:33 | INFO |   - 增发提示性公告: 10
2026-03-05 14:55:33 | INFO |   - 增资扩股: 10
2026-03-05 14:55:33 | INFO |   - 归还募集资金: 10
2026-03-05 14:55:33 | INFO |   - 发行保荐书: 9
2026-03-05 14:55:33 | INFO |   - 会计师事务所问询函回复公告: 9
2026-03-05 14:55:33 | INFO |   - 募集资金补充流动资金: 8
2026-03-05 14:55:33 | INFO |   - 股权激励计划摘要: 8
2026-03-05 14:55:33 | INFO |   - 月度经营情况: 8
2026-03-05 14:55:33 | INFO |   - 公司经营范围变更: 8
2026-03-05 14:55:33 | INFO |   - 资金占用: 8
2026-03-05 14:55:33 | INFO |   - 高管人员持股变动: 7
2026-03-05 14:55:33 | INFO |   - 业绩预告: 7
2026-03-05 14:55:33 | INFO |   - 增发获准公告: 6
2026-03-05 14:55:33 | INFO |   - 担保年度额度预计: 6
2026-03-05 14:55:33 | INFO |   - 北交所上市审核会议公告: 5
2026-03-05 14:55:33 | INFO |   - 处罚: 5
2026-03-05 14:55:33 | INFO |   - 回购报告书: 5
2026-03-05 14:55:33 | INFO |   - 复牌公告: 5
2026-03-05 14:55:33 | INFO |   - 分配方案实施: 5
2026-03-05 14:55:33 | INFO |   - 做市商变动: 5
2026-03-05 14:55:33 | INFO |   - 创业板再融资问询与回复: 5
2026-03-05 14:55:33 | INFO |   - 三季度报告全文: 4
2026-03-05 14:55:33 | INFO |   - 询价转让核查报告/意见: 4
2026-03-05 14:55:33 | INFO |   - 违法违规: 4
2026-03-05 14:55:33 | INFO |   - 回购预案: 4
2026-03-05 14:55:33 | INFO |   - 创业板再融资募集说明书申报稿: 4
2026-03-05 14:55:33 | INFO |   - 股权激励其他事项公告: 4
2026-03-05 14:55:33 | INFO |   - 股权激励对象名单: 4
2026-03-05 14:55:33 | INFO |   - 股权激励行权价（数量）调整: 4
2026-03-05 14:55:33 | INFO |   - 询价转让计划书: 3
2026-03-05 14:55:33 | INFO |   - 法定代表人变更: 3
2026-03-05 14:55:33 | INFO |   - 创业板再融资上市保荐书申报稿: 3
2026-03-05 14:55:33 | INFO |   - 创业板再融资发行保荐书申报稿: 3
2026-03-05 14:55:33 | INFO |   - 会计差错更正公告: 3
2026-03-05 14:55:33 | INFO |   - 深主板并购重组独立财务顾问报告: 3
2026-03-05 14:55:33 | INFO |   - 深主板并购重组报告书申报稿: 3
2026-03-05 14:55:33 | INFO |   - 深交所股票监管函: 3
2026-03-05 14:55:33 | INFO |   - 整改报告: 3
2026-03-05 14:55:33 | INFO |   - 分配方案决议公告: 3
2026-03-05 14:55:33 | INFO |   - 年度财务报告: 3
2026-03-05 14:55:33 | INFO |   - 申请撤销风险警示及特别处理: 3
2026-03-05 14:55:33 | INFO |   - 通知债权人公告: 3
2026-03-05 14:55:33 | INFO |   - 三季度报告更正公告: 2
2026-03-05 14:55:33 | INFO |   - 首发发行结果公告: 2
2026-03-05 14:55:33 | INFO |   - 深主板发行上市审核注册结果通知: 2
2026-03-05 14:55:33 | INFO |   - 股东/实际控制人变更: 2
2026-03-05 14:55:33 | INFO |   - 监管工作函回复公告: 2
2026-03-05 14:55:33 | INFO |   - 回购方案修订: 2
2026-03-05 14:55:33 | INFO |   - 公司名称变更: 2
2026-03-05 14:55:33 | INFO |   - 终止上市: 2
2026-03-05 14:55:33 | INFO |   - 上交所股票通报批评: 2
2026-03-05 14:55:33 | INFO |   - 创业板再融资审计报告申报稿: 2
2026-03-05 14:55:33 | INFO |   - 创业板再融资法律意见书申报稿: 2
2026-03-05 14:55:33 | INFO |   - 年度报告更正公告: 2
2026-03-05 14:55:33 | INFO |   - 科创板发行上市审核上市委会议公告: 2
2026-03-05 14:55:33 | INFO |   - 深主板并购重组资产评估报告: 2
2026-03-05 14:55:33 | INFO |   - 深主板并购重组法律意见书: 2
2026-03-05 14:55:33 | INFO |   - 沪主板发行上市问询与回复: 2
2026-03-05 14:55:33 | INFO |   - 创业板IPO问询与回复: 2
2026-03-05 14:55:33 | INFO |   - ESG公告: 2
2026-03-05 14:55:33 | INFO |   - 实施退市风险警示: 2
2026-03-05 14:55:33 | INFO |   - 股权激励行权结果: 2
2026-03-05 14:55:33 | INFO |   - 增发上市公告书: 2
2026-03-05 14:55:33 | INFO |   - 增发终止: 2
2026-03-05 14:55:33 | INFO |   - 创业板再融资募集说明书注册稿: 2
2026-03-05 14:55:33 | INFO |   - 深主板再融资募集说明书注册稿: 2
2026-03-05 14:55:33 | INFO |   - 公司办公地址变更: 2
2026-03-05 14:55:33 | INFO |   - 一季度报告全文: 2
2026-03-05 14:55:33 | INFO |   - 半年度报告全文: 2
2026-03-05 14:55:33 | INFO |   - 社会责任报告: 2
2026-03-05 14:55:33 | INFO |   - 债务重组: 2
2026-03-05 14:55:33 | INFO |   - 公司注册地址变更: 2
2026-03-05 14:55:33 | INFO |   - 增发方案修订: 2
2026-03-05 14:55:33 | INFO |   - 终止上市提示公告: 2
2026-03-05 14:55:33 | INFO |   - 首发提示性公告: 2
2026-03-05 14:55:33 | INFO |   - 首发上市公告书: 2
2026-03-05 14:55:33 | INFO |   - 沪主板并购重组报告书申报稿: 1
2026-03-05 14:55:33 | INFO |   - 辅导工作总结报告: 1
2026-03-05 14:55:33 | INFO |   - 上交所并购重组委会议公告: 1
2026-03-05 14:55:33 | INFO |   - 沪主板并购重组资产评估报告: 1
2026-03-05 14:55:33 | INFO |   - 沪主板并购重组审计报告: 1
2026-03-05 14:55:33 | INFO |   - 沪主板并购重组法律意见书: 1
2026-03-05 14:55:33 | INFO |   - 沪主板并购重组独立财务顾问报告: 1
2026-03-05 14:55:33 | INFO |   - 深主板发行上市问询与回复: 1
2026-03-05 14:55:33 | INFO |   - 取消股东大会议案: 1
2026-03-05 14:55:33 | INFO |   - 网上申购及中签率公告: 1
2026-03-05 14:55:33 | INFO |   - 延期回复问询函公告: 1
2026-03-05 14:55:33 | INFO |   - 深主板再融资审计报告: 1
2026-03-05 14:55:33 | INFO |   - 深主板再融资募集说明书申报稿: 1
2026-03-05 14:55:33 | INFO |   - 深主板再融资发行保荐书: 1
2026-03-05 14:55:33 | INFO |   - 深主板再融资上市保荐书: 1
2026-03-05 14:55:33 | INFO |   - 深主板再融资法律意见书: 1
2026-03-05 14:55:33 | INFO |   - 创业板发行上市审核上市委会议公告: 1
2026-03-05 14:55:33 | INFO |   - 科创板发行上市发行保荐书: 1
2026-03-05 14:55:33 | INFO |   - 科创板发行上市上市保荐书: 1
2026-03-05 14:55:33 | INFO |   - 科创板发行上市招股说明书上会稿: 1
2026-03-05 14:55:33 | INFO |   - 科创板发行上市法律意见书: 1
2026-03-05 14:55:33 | INFO |   - 科创板发行上市审计报告: 1
2026-03-05 14:55:33 | INFO |   - 深主板发行上市审核上市委会议公告: 1
2026-03-05 14:55:33 | INFO |   - 北交所上市审核会议结果: 1
2026-03-05 14:55:33 | INFO |   - 上交所股票公开谴责: 1
2026-03-05 14:55:33 | INFO |   - 科创板并购重组独立财务顾问报告: 1
2026-03-05 14:55:33 | INFO |   - 科创板并购重组法律意见书: 1
2026-03-05 14:55:33 | INFO |   - 科创板并购重组资产评估报告: 1
2026-03-05 14:55:33 | INFO |   - 科创板并购重组审计报告: 1
2026-03-05 14:55:33 | INFO |   - 科创板并购重组报告书申报稿: 1
2026-03-05 14:55:33 | INFO |   - 创业板IPO发行保荐书申报稿: 1
2026-03-05 14:55:33 | INFO |   - 创业板IPO招股说明书申报稿: 1
2026-03-05 14:55:33 | INFO |   - 创业板IPO上市保荐书申报稿: 1
2026-03-05 14:55:33 | INFO |   - 深主板并购重组审计报告: 1
2026-03-05 14:55:33 | INFO |   - 深主板发行上市发行保荐书: 1
2026-03-05 14:55:33 | INFO |   - 深主板发行上市上市保荐书: 1
2026-03-05 14:55:33 | INFO |   - 创业板重大资产重组审计报告申报稿: 1
2026-03-05 14:55:33 | INFO |   - 创业板重大资产重组报告书申报稿: 1
2026-03-05 14:55:33 | INFO |   - 深主板发行上市招股说明书上会稿: 1
2026-03-05 14:55:33 | INFO |   - 创业板重大资产重组独立财务顾问报告申报稿: 1
2026-03-05 14:55:33 | INFO |   - 创业板重大资产重组法律意见书申报稿: 1
2026-03-05 14:55:33 | INFO |   - 辅导企业基本情况: 1
2026-03-05 14:55:33 | INFO |   - 网上摇号中签结果公告: 1
2026-03-05 14:55:33 | INFO |   - 网下中签及配售结果公告: 1
2026-03-05 14:55:33 | INFO |   - 问询函其他公告: 1
2026-03-05 14:55:33 | INFO |   - 科创板再融资募集说明书注册稿: 1
2026-03-05 14:55:33 | INFO |   - 产品价格调整: 1
2026-03-05 14:55:33 | INFO |   - 沪主板再融资募集说明书注册稿: 1
2026-03-05 14:55:33 | INFO |   - 增发发行结果公告: 1
2026-03-05 14:55:33 | INFO |   - 询价转让定价情况提示性公告: 1
2026-03-05 14:55:33 | INFO |   - 半年度报告摘要: 1
2026-03-05 14:55:33 | INFO |   - 公司其他基本信息变更: 1
2026-03-05 14:55:33 | INFO |   - 延期披露定报公告: 1
2026-03-05 14:55:33 | INFO |   - 股改进展公告: 1
2026-03-05 14:55:33 | INFO |   - 取消股东大会公告: 1
2026-03-05 14:55:33 | INFO |   - 上交所股票监管工作函: 1
2026-03-05 14:55:33 | INFO |   - 要约收购报告书: 1
2026-03-05 14:55:33 | INFO |   - 深交所融资融券公告: 1
2026-03-05 14:55:33 | INFO |   - 回购实施公告: 1
2026-03-05 14:55:33 | INFO |   - 科创板再融资法律意见书: 1
2026-03-05 14:55:33 | INFO |   - 深主板发行上市审核委会议结果公告: 1
2026-03-05 14:55:33 | INFO |   - 科创板再融资审计报告: 1
2026-03-05 14:55:33 | INFO |   - 科创板再融资募集说明书申报稿: 1
2026-03-05 14:55:33 | INFO |   - 科创板再融资发行保荐书: 1
2026-03-05 14:55:33 | INFO |   - 科创板再融资上市保荐书: 1
2026-03-05 14:55:33 | INFO |   - 资产重组债权人会议: 1
2026-03-05 14:55:33 | INFO |   - 创业板发行上市审核注册结果通知: 1
2026-03-05 14:55:33 | INFO | ============================================================
2026-03-05 14:55:33 | INFO | ✅ 所有采集任务完成!
2026-03-05 14:55:33 | INFO | 
📁 数据文件位置:
2026-03-05 14:55:33 | INFO |   新闻: data\raw\news\*.jsonl
2026-03-05 14:55:33 | INFO |   公告: data\raw\announcements\*.jsonl
